{"/home/dejan/decodex/pronadjimajstora/backend/src/app.module.ts": {"path":"/home/dejan/decodex/pronadjimajstora/backend/src/app.module.ts","statementMap":{"0":{"start":{"line":1,"column":0},"end":{"line":1,"column":40}},"1":{"start":{"line":2,"column":0},"end":{"line":2,"column":46}},"2":{"start":{"line":3,"column":0},"end":{"line":3,"column":48}},"3":{"start":{"line":4,"column":0},"end":{"line":4,"column":48}},"4":{"start":{"line":5,"column":0},"end":{"line":5,"column":55}},"5":{"start":{"line":6,"column":0},"end":{"line":6,"column":54}},"6":{"start":{"line":7,"column":0},"end":{"line":7,"column":48}},"7":{"start":{"line":8,"column":0},"end":{"line":8,"column":48}},"8":{"start":{"line":9,"column":0},"end":{"line":9,"column":66}},"9":{"start":{"line":24,"column":0},"end":{"line":24,"column":null}},"10":{"start":{"line":24,"column":13},"end":{"line":24,"column":null}},"11":{"start":{"line":24,"column":13},"end":{"line":24,"column":22}}},"fnMap":{},"branchMap":{},"s":{"0":0,"1":0,"2":0,"3":0,"4":0,"5":0,"6":0,"7":0,"8":0,"9":0,"10":0,"11":0},"f":{},"b":{}}
,"/home/dejan/decodex/pronadjimajstora/backend/src/main.ts": {"path":"/home/dejan/decodex/pronadjimajstora/backend/src/main.ts","statementMap":{"0":{"start":{"line":1,"column":0},"end":{"line":1,"column":64}},"1":{"start":{"line":2,"column":0},"end":{"line":2,"column":43}},"2":{"start":{"line":3,"column":0},"end":{"line":3,"column":null}},"3":{"start":{"line":7,"column":0},"end":{"line":7,"column":65}},"4":{"start":{"line":8,"column":0},"end":{"line":8,"column":29}},"5":{"start":{"line":9,"column":0},"end":{"line":9,"column":47}},"6":{"start":{"line":10,"column":0},"end":{"line":10,"column":41}},"7":{"start":{"line":13,"column":14},"end":{"line":15,"column":null}},"8":{"start":{"line":17,"column":2},"end":{"line":17,"column":29}},"9":{"start":{"line":18,"column":2},"end":{"line":18,"column":53}},"10":{"start":{"line":19,"column":2},"end":{"line":19,"column":62}},"11":{"start":{"line":21,"column":17},"end":{"line":26,"column":12}},"12":{"start":{"line":27,"column":19},"end":{"line":27,"column":60}},"13":{"start":{"line":28,"column":2},"end":{"line":28,"column":72}},"14":{"start":{"line":30,"column":2},"end":{"line":30,"column":19}},"15":{"start":{"line":31,"column":2},"end":{"line":40,"column":5}},"16":{"start":{"line":42,"column":2},"end":{"line":42,"column":40}},"17":{"start":{"line":44,"column":0},"end":{"line":44,"column":12}}},"fnMap":{"0":{"name":"bootstrap","decl":{"start":{"line":12,"column":15},"end":{"line":12,"column":24}},"loc":{"start":{"line":12,"column":24},"end":{"line":43,"column":1}}}},"branchMap":{},"s":{"0":0,"1":0,"2":0,"3":0,"4":0,"5":0,"6":0,"7":0,"8":0,"9":0,"10":0,"11":0,"12":0,"13":0,"14":0,"15":0,"16":0,"17":0},"f":{"0":0},"b":{}}
,"/home/dejan/decodex/pronadjimajstora/backend/src/address/address.entity.ts": {"path":"/home/dejan/decodex/pronadjimajstora/backend/src/address/address.entity.ts","statementMap":{"0":{"start":{"line":1,"column":0},"end":{"line":1,"column":43}},"1":{"start":{"line":2,"column":0},"end":{"line":2,"column":null}},"2":{"start":{"line":15,"column":0},"end":{"line":39,"column":null}},"3":{"start":{"line":17,"column":2},"end":{"line":17,"column":null}},"4":{"start":{"line":20,"column":2},"end":{"line":20,"column":null}},"5":{"start":{"line":23,"column":2},"end":{"line":23,"column":null}},"6":{"start":{"line":26,"column":2},"end":{"line":26,"column":null}},"7":{"start":{"line":29,"column":2},"end":{"line":29,"column":null}},"8":{"start":{"line":32,"column":2},"end":{"line":32,"column":null}},"9":{"start":{"line":31,"column":19},"end":{"line":31,"column":23}},"10":{"start":{"line":31,"column":35},"end":{"line":31,"column":49}},"11":{"start":{"line":35,"column":2},"end":{"line":35,"column":null}},"12":{"start":{"line":38,"column":2},"end":{"line":38,"column":null}},"13":{"start":{"line":15,"column":13},"end":{"line":39,"column":null}},"14":{"start":{"line":15,"column":13},"end":{"line":15,"column":20}}},"fnMap":{"0":{"name":"(anonymous_2)","decl":{"start":{"line":31,"column":13},"end":{"line":31,"column":16}},"loc":{"start":{"line":31,"column":19},"end":{"line":31,"column":23}}},"1":{"name":"(anonymous_3)","decl":{"start":{"line":31,"column":25},"end":{"line":31,"column":26}},"loc":{"start":{"line":31,"column":35},"end":{"line":31,"column":49}}}},"branchMap":{},"s":{"0":5,"1":5,"2":5,"3":5,"4":5,"5":5,"6":5,"7":5,"8":5,"9":0,"10":0,"11":5,"12":5,"13":5,"14":5},"f":{"0":0,"1":0},"b":{}}
,"/home/dejan/decodex/pronadjimajstora/backend/src/auth/auth.controller.ts": {"path":"/home/dejan/decodex/pronadjimajstora/backend/src/auth/auth.controller.ts","statementMap":{"0":{"start":{"line":1,"column":0},"end":{"line":1,"column":null}},"1":{"start":{"line":12,"column":0},"end":{"line":12,"column":null}},"2":{"start":{"line":18,"column":0},"end":{"line":18,"column":51}},"3":{"start":{"line":19,"column":0},"end":{"line":19,"column":45}},"4":{"start":{"line":20,"column":0},"end":{"line":20,"column":48}},"5":{"start":{"line":21,"column":0},"end":{"line":21,"column":39}},"6":{"start":{"line":22,"column":0},"end":{"line":22,"column":42}},"7":{"start":{"line":23,"column":0},"end":{"line":23,"column":54}},"8":{"start":{"line":29,"column":0},"end":{"line":54,"column":null}},"9":{"start":{"line":37,"column":4},"end":{"line":37,"column":44}},"10":{"start":{"line":44,"column":4},"end":{"line":44,"column":58}},"11":{"start":{"line":52,"column":4},"end":{"line":52,"column":74}},"12":{"start":{"line":31,"column":2},"end":{"line":31,"column":null}},"13":{"start":{"line":36,"column":2},"end":{"line":38,"column":null}},"14":{"start":{"line":43,"column":2},"end":{"line":45,"column":null}},"15":{"start":{"line":51,"column":2},"end":{"line":53,"column":null}},"16":{"start":{"line":29,"column":13},"end":{"line":54,"column":null}},"17":{"start":{"line":29,"column":13},"end":{"line":29,"column":27}}},"fnMap":{"0":{"name":"(anonymous_4)","decl":{"start":{"line":36,"column":2},"end":{"line":36,"column":7}},"loc":{"start":{"line":36,"column":34},"end":{"line":38,"column":3}}},"1":{"name":"(anonymous_5)","decl":{"start":{"line":43,"column":2},"end":{"line":43,"column":14}},"loc":{"start":{"line":43,"column":55},"end":{"line":45,"column":3}}},"2":{"name":"(anonymous_6)","decl":{"start":{"line":51,"column":2},"end":{"line":51,"column":4}},"loc":{"start":{"line":51,"column":23},"end":{"line":53,"column":3}}}},"branchMap":{},"s":{"0":2,"1":2,"2":2,"3":2,"4":2,"5":2,"6":2,"7":2,"8":2,"9":0,"10":0,"11":0,"12":2,"13":2,"14":2,"15":2,"16":2,"17":2},"f":{"0":0,"1":0,"2":0},"b":{}}
,"/home/dejan/decodex/pronadjimajstora/backend/src/auth/auth.module.ts": {"path":"/home/dejan/decodex/pronadjimajstora/backend/src/auth/auth.module.ts","statementMap":{"0":{"start":{"line":1,"column":0},"end":{"line":1,"column":40}},"1":{"start":{"line":2,"column":0},"end":{"line":2,"column":41}},"2":{"start":{"line":3,"column":0},"end":{"line":3,"column":49}},"3":{"start":{"line":4,"column":0},"end":{"line":4,"column":45}},"4":{"start":{"line":5,"column":0},"end":{"line":5,"column":60}},"5":{"start":{"line":6,"column":0},"end":{"line":6,"column":48}},"6":{"start":{"line":7,"column":0},"end":{"line":7,"column":45}},"7":{"start":{"line":8,"column":0},"end":{"line":8,"column":49}},"8":{"start":{"line":9,"column":0},"end":{"line":9,"column":51}},"9":{"start":{"line":10,"column":0},"end":{"line":10,"column":41}},"10":{"start":{"line":28,"column":0},"end":{"line":28,"column":null}},"11":{"start":{"line":28,"column":13},"end":{"line":28,"column":null}},"12":{"start":{"line":28,"column":13},"end":{"line":28,"column":23}}},"fnMap":{},"branchMap":{},"s":{"0":1,"1":1,"2":1,"3":1,"4":1,"5":1,"6":1,"7":1,"8":1,"9":1,"10":1,"11":1,"12":1},"f":{},"b":{}}
,"/home/dejan/decodex/pronadjimajstora/backend/src/auth/auth.service.ts": {"path":"/home/dejan/decodex/pronadjimajstora/backend/src/auth/auth.service.ts","statementMap":{"0":{"start":{"line":1,"column":0},"end":{"line":1,"column":null}},"1":{"start":{"line":6,"column":0},"end":{"line":6,"column":41}},"2":{"start":{"line":7,"column":0},"end":{"line":7,"column":35}},"3":{"start":{"line":9,"column":0},"end":{"line":9,"column":51}},"4":{"start":{"line":10,"column":0},"end":{"line":10,"column":50}},"5":{"start":{"line":13,"column":0},"end":{"line":13,"column":39}},"6":{"start":{"line":16,"column":0},"end":{"line":101,"column":null}},"7":{"start":{"line":18,"column":21},"end":{"line":18,"column":34}},"8":{"start":{"line":19,"column":21},"end":{"line":19,"column":33}},"9":{"start":{"line":26,"column":17},"end":{"line":26,"column":78}},"10":{"start":{"line":27,"column":4},"end":{"line":27,"column":21}},"11":{"start":{"line":28,"column":4},"end":{"line":32,"column":null}},"12":{"start":{"line":29,"column":6},"end":{"line":29,"column":18}},"13":{"start":{"line":31,"column":6},"end":{"line":31,"column":18}},"14":{"start":{"line":37,"column":25},"end":{"line":43,"column":null}},"15":{"start":{"line":45,"column":26},"end":{"line":51,"column":null}},"16":{"start":{"line":53,"column":4},"end":{"line":53,"column":53}},"17":{"start":{"line":57,"column":17},"end":{"line":59,"column":null}},"18":{"start":{"line":62,"column":4},"end":{"line":66,"column":null}},"19":{"start":{"line":63,"column":6},"end":{"line":63,"column":41}},"20":{"start":{"line":65,"column":6},"end":{"line":65,"column":59}},"21":{"start":{"line":70,"column":17},"end":{"line":70,"column":21}},"22":{"start":{"line":71,"column":4},"end":{"line":77,"column":14}},"23":{"start":{"line":72,"column":6},"end":{"line":76,"column":9}},"24":{"start":{"line":78,"column":4},"end":{"line":82,"column":null}},"25":{"start":{"line":79,"column":6},"end":{"line":79,"column":48}},"26":{"start":{"line":81,"column":6},"end":{"line":81,"column":60}},"27":{"start":{"line":86,"column":18},"end":{"line":86,"column":51}},"28":{"start":{"line":87,"column":17},"end":{"line":87,"column":21}},"29":{"start":{"line":88,"column":4},"end":{"line":94,"column":14}},"30":{"start":{"line":89,"column":6},"end":{"line":93,"column":9}},"31":{"start":{"line":95,"column":4},"end":{"line":99,"column":null}},"32":{"start":{"line":96,"column":6},"end":{"line":96,"column":25}},"33":{"start":{"line":98,"column":6},"end":{"line":98,"column":56}},"34":{"start":{"line":16,"column":13},"end":{"line":101,"column":null}},"35":{"start":{"line":16,"column":13},"end":{"line":16,"column":24}}},"fnMap":{"0":{"name":"(anonymous_3)","decl":{"start":{"line":17,"column":2},"end":{"line":17,"column":null}},"loc":{"start":{"line":19,"column":43},"end":{"line":20,"column":6}}},"1":{"name":"(anonymous_4)","decl":{"start":{"line":22,"column":10},"end":{"line":22,"column":15}},"loc":{"start":{"line":24,"column":20},"end":{"line":33,"column":3}}},"2":{"name":"(anonymous_5)","decl":{"start":{"line":36,"column":10},"end":{"line":36,"column":26}},"loc":{"start":{"line":36,"column":37},"end":{"line":54,"column":3}}},"3":{"name":"(anonymous_6)","decl":{"start":{"line":56,"column":2},"end":{"line":56,"column":7}},"loc":{"start":{"line":56,"column":32},"end":{"line":67,"column":3}}},"4":{"name":"(anonymous_7)","decl":{"start":{"line":69,"column":2},"end":{"line":69,"column":7}},"loc":{"start":{"line":69,"column":41},"end":{"line":83,"column":3}}},"5":{"name":"(anonymous_8)","decl":{"start":{"line":85,"column":2},"end":{"line":85,"column":7}},"loc":{"start":{"line":85,"column":41},"end":{"line":100,"column":3}}}},"branchMap":{"0":{"loc":{"start":{"line":28,"column":4},"end":{"line":32,"column":null}},"type":"if","locations":[{"start":{"line":28,"column":4},"end":{"line":32,"column":null}},{"start":{"line":30,"column":11},"end":{"line":32,"column":null}}]},"1":{"loc":{"start":{"line":28,"column":8},"end":{"line":28,"column":57}},"type":"binary-expr","locations":[{"start":{"line":28,"column":8},"end":{"line":28,"column":12}},{"start":{"line":28,"column":16},"end":{"line":28,"column":57}}]},"2":{"loc":{"start":{"line":62,"column":4},"end":{"line":66,"column":null}},"type":"if","locations":[{"start":{"line":62,"column":4},"end":{"line":66,"column":null}},{"start":{"line":64,"column":11},"end":{"line":66,"column":null}}]},"3":{"loc":{"start":{"line":78,"column":4},"end":{"line":82,"column":null}},"type":"if","locations":[{"start":{"line":78,"column":4},"end":{"line":82,"column":null}},{"start":{"line":80,"column":11},"end":{"line":82,"column":null}}]},"4":{"loc":{"start":{"line":95,"column":4},"end":{"line":99,"column":null}},"type":"if","locations":[{"start":{"line":95,"column":4},"end":{"line":99,"column":null}},{"start":{"line":97,"column":11},"end":{"line":99,"column":null}}]}},"s":{"0":3,"1":3,"2":3,"3":3,"4":3,"5":3,"6":3,"7":0,"8":0,"9":0,"10":0,"11":0,"12":0,"13":0,"14":0,"15":0,"16":0,"17":0,"18":0,"19":0,"20":0,"21":0,"22":0,"23":0,"24":0,"25":0,"26":0,"27":0,"28":0,"29":0,"30":0,"31":0,"32":0,"33":0,"34":3,"35":3},"f":{"0":0,"1":0,"2":0,"3":0,"4":0,"5":0},"b":{"0":[0,0],"1":[0,0],"2":[0,0],"3":[0,0],"4":[0,0]}}
,"/home/dejan/decodex/pronadjimajstora/backend/src/auth/casl-ability.factory.ts": {"path":"/home/dejan/decodex/pronadjimajstora/backend/src/auth/casl-ability.factory.ts","statementMap":{"0":{"start":{"line":1,"column":0},"end":{"line":1,"column":40}},"1":{"start":{"line":2,"column":0},"end":{"line":2,"column":57}},"2":{"start":{"line":6,"column":0},"end":{"line":6,"column":null}},"3":{"start":{"line":7,"column":2},"end":{"line":7,"column":null}},"4":{"start":{"line":8,"column":2},"end":{"line":8,"column":null}},"5":{"start":{"line":9,"column":2},"end":{"line":9,"column":null}},"6":{"start":{"line":10,"column":2},"end":{"line":10,"column":null}},"7":{"start":{"line":11,"column":2},"end":{"line":11,"column":null}},"8":{"start":{"line":23,"column":0},"end":{"line":37,"column":null}},"9":{"start":{"line":25,"column":40},"end":{"line":27,"column":null}},"10":{"start":{"line":26,"column":19},"end":{"line":26,"column":46}},"11":{"start":{"line":29,"column":46},"end":{"line":32,"column":7}},"12":{"start":{"line":29,"column":72},"end":{"line":32,"column":6}},"13":{"start":{"line":33,"column":4},"end":{"line":35,"column":6}},"14":{"start":{"line":23,"column":13},"end":{"line":37,"column":null}},"15":{"start":{"line":23,"column":13},"end":{"line":23,"column":31}},"16":{"start":{"line":47,"column":13},"end":{"line":47,"column":49}},"17":{"start":{"line":48,"column":29},"end":{"line":49,"column":43}},"18":{"start":{"line":49,"column":2},"end":{"line":49,"column":43}},"19":{"start":{"line":48,"column":13},"end":{"line":48,"column":29}}},"fnMap":{"0":{"name":"(anonymous_1)","decl":{"start":{"line":6,"column":0},"end":{"line":6,"column":12}},"loc":{"start":{"line":6,"column":28},"end":{"line":12,"column":1}}},"1":{"name":"(anonymous_2)","decl":{"start":{"line":24,"column":2},"end":{"line":24,"column":7}},"loc":{"start":{"line":24,"column":32},"end":{"line":36,"column":3}}},"2":{"name":"(anonymous_3)","decl":{"start":{"line":26,"column":6},"end":{"line":26,"column":7}},"loc":{"start":{"line":26,"column":19},"end":{"line":26,"column":46}}},"3":{"name":"(anonymous_4)","decl":{"start":{"line":29,"column":64},"end":{"line":29,"column":65}},"loc":{"start":{"line":29,"column":72},"end":{"line":32,"column":6}}},"4":{"name":"(anonymous_5)","decl":{"start":{"line":48,"column":29},"end":{"line":48,"column":30}},"loc":{"start":{"line":49,"column":2},"end":{"line":49,"column":43}}}},"branchMap":{"0":{"loc":{"start":{"line":6,"column":12},"end":{"line":6,"column":null}},"type":"binary-expr","locations":[{"start":{"line":6,"column":12},"end":{"line":6,"column":28}},{"start":{"line":6,"column":12},"end":{"line":6,"column":null}}]}},"s":{"0":5,"1":5,"2":5,"3":5,"4":5,"5":5,"6":5,"7":5,"8":5,"9":0,"10":0,"11":0,"12":0,"13":0,"14":5,"15":5,"16":5,"17":5,"18":5,"19":5},"f":{"0":5,"1":0,"2":0,"3":0,"4":5},"b":{"0":[5,5]}}
,"/home/dejan/decodex/pronadjimajstora/backend/src/auth/jwt-auth.guard.ts": {"path":"/home/dejan/decodex/pronadjimajstora/backend/src/auth/jwt-auth.guard.ts","statementMap":{"0":{"start":{"line":1,"column":0},"end":{"line":1,"column":62}},"1":{"start":{"line":2,"column":0},"end":{"line":2,"column":41}},"2":{"start":{"line":3,"column":0},"end":{"line":3,"column":45}},"3":{"start":{"line":4,"column":0},"end":{"line":4,"column":49}},"4":{"start":{"line":7,"column":0},"end":{"line":22,"column":null}},"5":{"start":{"line":9,"column":4},"end":{"line":9,"column":12}},"6":{"start":{"line":8,"column":22},"end":{"line":8,"column":33}},"7":{"start":{"line":13,"column":21},"end":{"line":16,"column":6}},"8":{"start":{"line":17,"column":4},"end":{"line":19,"column":null}},"9":{"start":{"line":18,"column":6},"end":{"line":18,"column":18}},"10":{"start":{"line":20,"column":4},"end":{"line":20,"column":38}},"11":{"start":{"line":7,"column":13},"end":{"line":22,"column":null}},"12":{"start":{"line":7,"column":13},"end":{"line":7,"column":25}}},"fnMap":{"0":{"name":"(anonymous_2)","decl":{"start":{"line":8,"column":2},"end":{"line":8,"column":22}},"loc":{"start":{"line":8,"column":42},"end":{"line":10,"column":3}}},"1":{"name":"(anonymous_3)","decl":{"start":{"line":12,"column":2},"end":{"line":12,"column":13}},"loc":{"start":{"line":12,"column":39},"end":{"line":21,"column":3}}}},"branchMap":{"0":{"loc":{"start":{"line":17,"column":4},"end":{"line":19,"column":null}},"type":"if","locations":[{"start":{"line":17,"column":4},"end":{"line":19,"column":null}}]}},"s":{"0":2,"1":2,"2":2,"3":2,"4":2,"5":1,"6":1,"7":0,"8":0,"9":0,"10":0,"11":2,"12":2},"f":{"0":1,"1":0},"b":{"0":[0]}}
,"/home/dejan/decodex/pronadjimajstora/backend/src/auth/jwt.strategy.ts": {"path":"/home/dejan/decodex/pronadjimajstora/backend/src/auth/jwt.strategy.ts","statementMap":{"0":{"start":{"line":1,"column":0},"end":{"line":1,"column":44}},"1":{"start":{"line":2,"column":0},"end":{"line":2,"column":52}},"2":{"start":{"line":3,"column":0},"end":{"line":3,"column":35}},"3":{"start":{"line":4,"column":0},"end":{"line":4,"column":52}},"4":{"start":{"line":7,"column":0},"end":{"line":20,"column":null}},"5":{"start":{"line":9,"column":4},"end":{"line":14,"column":7}},"6":{"start":{"line":18,"column":4},"end":{"line":18,"column":24}},"7":{"start":{"line":7,"column":13},"end":{"line":20,"column":null}},"8":{"start":{"line":7,"column":13},"end":{"line":7,"column":24}}},"fnMap":{"0":{"name":"(anonymous_3)","decl":{"start":{"line":8,"column":2},"end":{"line":8,"column":null}},"loc":{"start":{"line":8,"column":2},"end":{"line":15,"column":3}}},"1":{"name":"(anonymous_4)","decl":{"start":{"line":17,"column":2},"end":{"line":17,"column":7}},"loc":{"start":{"line":17,"column":29},"end":{"line":19,"column":3}}}},"branchMap":{},"s":{"0":1,"1":1,"2":1,"3":1,"4":1,"5":0,"6":0,"7":1,"8":1},"f":{"0":0,"1":0},"b":{}}
,"/home/dejan/decodex/pronadjimajstora/backend/src/auth/login.dto.ts": {"path":"/home/dejan/decodex/pronadjimajstora/backend/src/auth/login.dto.ts","statementMap":{"0":{"start":{"line":1,"column":0},"end":{"line":1,"column":45}},"1":{"start":{"line":5,"column":2},"end":{"line":5,"column":null}},"2":{"start":{"line":8,"column":2},"end":{"line":8,"column":null}},"3":{"start":{"line":3,"column":0},"end":{"line":3,"column":13}}},"fnMap":{},"branchMap":{},"s":{"0":2,"1":2,"2":2,"3":2},"f":{},"b":{}}
,"/home/dejan/decodex/pronadjimajstora/backend/src/auth/policies.guard.ts": {"path":"/home/dejan/decodex/pronadjimajstora/backend/src/auth/policies.guard.ts","statementMap":{"0":{"start":{"line":1,"column":0},"end":{"line":1,"column":75}},"1":{"start":{"line":2,"column":0},"end":{"line":2,"column":41}},"2":{"start":{"line":3,"column":0},"end":{"line":3,"column":null}},"3":{"start":{"line":11,"column":0},"end":{"line":38,"column":null}},"4":{"start":{"line":13,"column":12},"end":{"line":13,"column":23}},"5":{"start":{"line":14,"column":12},"end":{"line":14,"column":32}},"6":{"start":{"line":19,"column":6},"end":{"line":22,"column":13}},"7":{"start":{"line":24,"column":21},"end":{"line":24,"column":56}},"8":{"start":{"line":25,"column":20},"end":{"line":25,"column":69}},"9":{"start":{"line":27,"column":4},"end":{"line":29,"column":6}},"10":{"start":{"line":28,"column":6},"end":{"line":28,"column":46}},"11":{"start":{"line":33,"column":4},"end":{"line":35,"column":null}},"12":{"start":{"line":34,"column":6},"end":{"line":34,"column":30}},"13":{"start":{"line":36,"column":4},"end":{"line":36,"column":35}},"14":{"start":{"line":11,"column":13},"end":{"line":38,"column":null}},"15":{"start":{"line":11,"column":13},"end":{"line":11,"column":26}}},"fnMap":{"0":{"name":"(anonymous_2)","decl":{"start":{"line":12,"column":2},"end":{"line":12,"column":null}},"loc":{"start":{"line":14,"column":50},"end":{"line":15,"column":6}}},"1":{"name":"(anonymous_3)","decl":{"start":{"line":17,"column":2},"end":{"line":17,"column":7}},"loc":{"start":{"line":17,"column":45},"end":{"line":30,"column":3}}},"2":{"name":"(anonymous_4)","decl":{"start":{"line":27,"column":32},"end":{"line":27,"column":33}},"loc":{"start":{"line":28,"column":6},"end":{"line":28,"column":46}}},"3":{"name":"(anonymous_5)","decl":{"start":{"line":32,"column":10},"end":{"line":32,"column":27}},"loc":{"start":{"line":32,"column":71},"end":{"line":37,"column":3}}}},"branchMap":{"0":{"loc":{"start":{"line":19,"column":6},"end":{"line":22,"column":13}},"type":"binary-expr","locations":[{"start":{"line":19,"column":6},"end":{"line":21,"column":null}},{"start":{"line":22,"column":11},"end":{"line":22,"column":13}}]},"1":{"loc":{"start":{"line":33,"column":4},"end":{"line":35,"column":null}},"type":"if","locations":[{"start":{"line":33,"column":4},"end":{"line":35,"column":null}}]}},"s":{"0":1,"1":1,"2":1,"3":1,"4":1,"5":1,"6":0,"7":0,"8":0,"9":0,"10":0,"11":0,"12":0,"13":0,"14":1,"15":1},"f":{"0":1,"1":0,"2":0,"3":0},"b":{"0":[0,0],"1":[0]}}
,"/home/dejan/decodex/pronadjimajstora/backend/src/auth/public.factory.ts": {"path":"/home/dejan/decodex/pronadjimajstora/backend/src/auth/public.factory.ts","statementMap":{"0":{"start":{"line":1,"column":0},"end":{"line":1,"column":45}},"1":{"start":{"line":3,"column":13},"end":{"line":3,"column":40}},"2":{"start":{"line":4,"column":22},"end":{"line":4,"column":60}},"3":{"start":{"line":4,"column":28},"end":{"line":4,"column":60}},"4":{"start":{"line":4,"column":13},"end":{"line":4,"column":22}}},"fnMap":{"0":{"name":"(anonymous_0)","decl":{"start":{"line":4,"column":22},"end":{"line":4,"column":25}},"loc":{"start":{"line":4,"column":28},"end":{"line":4,"column":60}}}},"branchMap":{},"s":{"0":2,"1":2,"2":2,"3":2,"4":2},"f":{"0":2},"b":{}}
,"/home/dejan/decodex/pronadjimajstora/backend/src/auth/refresh-token.dto.ts": {"path":"/home/dejan/decodex/pronadjimajstora/backend/src/auth/refresh-token.dto.ts","statementMap":{"0":{"start":{"line":1,"column":0},"end":{"line":1,"column":45}},"1":{"start":{"line":5,"column":2},"end":{"line":5,"column":null}},"2":{"start":{"line":3,"column":0},"end":{"line":3,"column":13}}},"fnMap":{},"branchMap":{},"s":{"0":2,"1":2,"2":2},"f":{},"b":{}}
,"/home/dejan/decodex/pronadjimajstora/backend/src/auth/token.dto.ts": {"path":"/home/dejan/decodex/pronadjimajstora/backend/src/auth/token.dto.ts","statementMap":{"0":{"start":{"line":7,"column":4},"end":{"line":7,"column":37}},"1":{"start":{"line":8,"column":4},"end":{"line":8,"column":39}},"2":{"start":{"line":2,"column":0},"end":{"line":2,"column":13}}},"fnMap":{"0":{"name":"(anonymous_0)","decl":{"start":{"line":6,"column":2},"end":{"line":6,"column":14}},"loc":{"start":{"line":6,"column":57},"end":{"line":9,"column":3}}}},"branchMap":{},"s":{"0":0,"1":0,"2":3},"f":{"0":0},"b":{}}
,"/home/dejan/decodex/pronadjimajstora/backend/src/auth/policies/permission.policies.ts": {"path":"/home/dejan/decodex/pronadjimajstora/backend/src/auth/policies/permission.policies.ts","statementMap":{"0":{"start":{"line":1,"column":0},"end":{"line":1,"column":64}},"1":{"start":{"line":2,"column":0},"end":{"line":2,"column":null}},"2":{"start":{"line":10,"column":4},"end":{"line":10,"column":58}},"3":{"start":{"line":8,"column":0},"end":{"line":8,"column":13}},"4":{"start":{"line":16,"column":4},"end":{"line":16,"column":60}},"5":{"start":{"line":14,"column":0},"end":{"line":14,"column":13}},"6":{"start":{"line":22,"column":4},"end":{"line":22,"column":60}},"7":{"start":{"line":20,"column":0},"end":{"line":20,"column":13}},"8":{"start":{"line":28,"column":4},"end":{"line":28,"column":60}},"9":{"start":{"line":26,"column":0},"end":{"line":26,"column":13}}},"fnMap":{"0":{"name":"(anonymous_0)","decl":{"start":{"line":9,"column":2},"end":{"line":9,"column":8}},"loc":{"start":{"line":9,"column":28},"end":{"line":11,"column":3}}},"1":{"name":"(anonymous_1)","decl":{"start":{"line":15,"column":2},"end":{"line":15,"column":8}},"loc":{"start":{"line":15,"column":28},"end":{"line":17,"column":3}}},"2":{"name":"(anonymous_2)","decl":{"start":{"line":21,"column":2},"end":{"line":21,"column":8}},"loc":{"start":{"line":21,"column":28},"end":{"line":23,"column":3}}},"3":{"name":"(anonymous_3)","decl":{"start":{"line":27,"column":2},"end":{"line":27,"column":8}},"loc":{"start":{"line":27,"column":28},"end":{"line":29,"column":3}}}},"branchMap":{},"s":{"0":1,"1":1,"2":0,"3":1,"4":0,"5":1,"6":0,"7":1,"8":0,"9":1},"f":{"0":0,"1":0,"2":0,"3":0},"b":{}}
,"/home/dejan/decodex/pronadjimajstora/backend/src/health/health.controller.ts": {"path":"/home/dejan/decodex/pronadjimajstora/backend/src/health/health.controller.ts","statementMap":{"0":{"start":{"line":1,"column":0},"end":{"line":1,"column":69}},"1":{"start":{"line":2,"column":0},"end":{"line":2,"column":57}},"2":{"start":{"line":3,"column":0},"end":{"line":3,"column":null}},"3":{"start":{"line":9,"column":0},"end":{"line":9,"column":51}},"4":{"start":{"line":10,"column":0},"end":{"line":10,"column":29}},"5":{"start":{"line":11,"column":0},"end":{"line":11,"column":49}},"6":{"start":{"line":17,"column":0},"end":{"line":32,"column":null}},"7":{"start":{"line":19,"column":12},"end":{"line":19,"column":20}},"8":{"start":{"line":20,"column":12},"end":{"line":20,"column":18}},"9":{"start":{"line":21,"column":12},"end":{"line":21,"column":16}},"10":{"start":{"line":27,"column":4},"end":{"line":30,"column":7}},"11":{"start":{"line":28,"column":12},"end":{"line":28,"column":66}},"12":{"start":{"line":29,"column":12},"end":{"line":29,"column":41}},"13":{"start":{"line":26,"column":2},"end":{"line":31,"column":null}},"14":{"start":{"line":17,"column":13},"end":{"line":32,"column":null}},"15":{"start":{"line":17,"column":13},"end":{"line":17,"column":29}}},"fnMap":{"0":{"name":"(anonymous_3)","decl":{"start":{"line":18,"column":2},"end":{"line":18,"column":null}},"loc":{"start":{"line":21,"column":38},"end":{"line":22,"column":6}}},"1":{"name":"(anonymous_4)","decl":{"start":{"line":26,"column":2},"end":{"line":26,"column":7}},"loc":{"start":{"line":26,"column":7},"end":{"line":31,"column":3}}},"2":{"name":"(anonymous_5)","decl":{"start":{"line":28,"column":6},"end":{"line":28,"column":9}},"loc":{"start":{"line":28,"column":12},"end":{"line":28,"column":66}}},"3":{"name":"(anonymous_6)","decl":{"start":{"line":29,"column":6},"end":{"line":29,"column":9}},"loc":{"start":{"line":29,"column":12},"end":{"line":29,"column":41}}}},"branchMap":{},"s":{"0":0,"1":0,"2":0,"3":0,"4":0,"5":0,"6":0,"7":0,"8":0,"9":0,"10":0,"11":0,"12":0,"13":0,"14":0,"15":0},"f":{"0":0,"1":0,"2":0,"3":0},"b":{}}
,"/home/dejan/decodex/pronadjimajstora/backend/src/health/health.module.ts": {"path":"/home/dejan/decodex/pronadjimajstora/backend/src/health/health.module.ts","statementMap":{"0":{"start":{"line":1,"column":0},"end":{"line":1,"column":40}},"1":{"start":{"line":2,"column":0},"end":{"line":2,"column":50}},"2":{"start":{"line":3,"column":0},"end":{"line":3,"column":55}},"3":{"start":{"line":4,"column":0},"end":{"line":4,"column":43}},"4":{"start":{"line":5,"column":0},"end":{"line":5,"column":52}},"5":{"start":{"line":15,"column":0},"end":{"line":15,"column":null}},"6":{"start":{"line":15,"column":13},"end":{"line":15,"column":null}},"7":{"start":{"line":15,"column":13},"end":{"line":15,"column":25}}},"fnMap":{},"branchMap":{},"s":{"0":0,"1":0,"2":0,"3":0,"4":0,"5":0,"6":0,"7":0},"f":{},"b":{}}
,"/home/dejan/decodex/pronadjimajstora/backend/src/pagination/page-meta.dto.ts": {"path":"/home/dejan/decodex/pronadjimajstora/backend/src/pagination/page-meta.dto.ts","statementMap":{"0":{"start":{"line":1,"column":0},"end":{"line":1,"column":46}},"1":{"start":{"line":24,"column":4},"end":{"line":24,"column":36}},"2":{"start":{"line":25,"column":4},"end":{"line":25,"column":36}},"3":{"start":{"line":26,"column":4},"end":{"line":26,"column":31}},"4":{"start":{"line":27,"column":4},"end":{"line":27,"column":59}},"5":{"start":{"line":28,"column":4},"end":{"line":28,"column":41}},"6":{"start":{"line":29,"column":4},"end":{"line":29,"column":50}},"7":{"start":{"line":6,"column":2},"end":{"line":6,"column":null}},"8":{"start":{"line":9,"column":2},"end":{"line":9,"column":null}},"9":{"start":{"line":12,"column":2},"end":{"line":12,"column":null}},"10":{"start":{"line":15,"column":2},"end":{"line":15,"column":null}},"11":{"start":{"line":18,"column":2},"end":{"line":18,"column":null}},"12":{"start":{"line":21,"column":2},"end":{"line":21,"column":null}},"13":{"start":{"line":4,"column":0},"end":{"line":4,"column":13}}},"fnMap":{"0":{"name":"(anonymous_2)","decl":{"start":{"line":23,"column":2},"end":{"line":23,"column":14}},"loc":{"start":{"line":23,"column":66},"end":{"line":30,"column":3}}}},"branchMap":{},"s":{"0":2,"1":2,"2":2,"3":2,"4":2,"5":2,"6":2,"7":2,"8":2,"9":2,"10":2,"11":2,"12":2,"13":2},"f":{"0":2},"b":{}}
,"/home/dejan/decodex/pronadjimajstora/backend/src/pagination/page-options.dto.ts": {"path":"/home/dejan/decodex/pronadjimajstora/backend/src/pagination/page-options.dto.ts","statementMap":{"0":{"start":{"line":1,"column":0},"end":{"line":1,"column":54}},"1":{"start":{"line":2,"column":0},"end":{"line":2,"column":41}},"2":{"start":{"line":3,"column":0},"end":{"line":3,"column":70}},"3":{"start":{"line":4,"column":0},"end":{"line":4,"column":43}},"4":{"start":{"line":10,"column":11},"end":{"line":10,"column":37}},"5":{"start":{"line":20,"column":11},"end":{"line":20,"column":29}},"6":{"start":{"line":32,"column":11},"end":{"line":32,"column":30}},"7":{"start":{"line":35,"column":4},"end":{"line":35,"column":39}},"8":{"start":{"line":10,"column":2},"end":{"line":10,"column":null}},"9":{"start":{"line":20,"column":2},"end":{"line":20,"column":null}},"10":{"start":{"line":16,"column":14},"end":{"line":16,"column":20}},"11":{"start":{"line":32,"column":2},"end":{"line":32,"column":null}},"12":{"start":{"line":27,"column":14},"end":{"line":27,"column":20}},"13":{"start":{"line":6,"column":0},"end":{"line":6,"column":13}}},"fnMap":{"0":{"name":"(anonymous_2)","decl":{"start":{"line":6,"column":0},"end":{"line":6,"column":13}},"loc":{"start":{"line":6,"column":0},"end":{"line":37,"column":1}}},"1":{"name":"(anonymous_3)","decl":{"start":{"line":34,"column":2},"end":{"line":34,"column":6}},"loc":{"start":{"line":34,"column":10},"end":{"line":36,"column":3}}},"2":{"name":"(anonymous_4)","decl":{"start":{"line":16,"column":8},"end":{"line":16,"column":11}},"loc":{"start":{"line":16,"column":14},"end":{"line":16,"column":20}}},"3":{"name":"(anonymous_5)","decl":{"start":{"line":27,"column":8},"end":{"line":27,"column":11}},"loc":{"start":{"line":27,"column":14},"end":{"line":27,"column":20}}}},"branchMap":{},"s":{"0":1,"1":1,"2":1,"3":1,"4":1,"5":1,"6":1,"7":0,"8":1,"9":1,"10":0,"11":1,"12":0,"13":1},"f":{"0":1,"1":0,"2":0,"3":0},"b":{}}
,"/home/dejan/decodex/pronadjimajstora/backend/src/pagination/page-order.model.ts": {"path":"/home/dejan/decodex/pronadjimajstora/backend/src/pagination/page-order.model.ts","statementMap":{"0":{"start":{"line":1,"column":0},"end":{"line":1,"column":null}},"1":{"start":{"line":2,"column":2},"end":{"line":2,"column":null}},"2":{"start":{"line":3,"column":2},"end":{"line":3,"column":null}}},"fnMap":{"0":{"name":"(anonymous_0)","decl":{"start":{"line":1,"column":0},"end":{"line":1,"column":12}},"loc":{"start":{"line":1,"column":17},"end":{"line":4,"column":1}}}},"branchMap":{"0":{"loc":{"start":{"line":1,"column":12},"end":{"line":1,"column":null}},"type":"binary-expr","locations":[{"start":{"line":1,"column":12},"end":{"line":1,"column":17}},{"start":{"line":1,"column":12},"end":{"line":1,"column":null}}]}},"s":{"0":1,"1":1,"2":1},"f":{"0":1},"b":{"0":[1,1]}}
,"/home/dejan/decodex/pronadjimajstora/backend/src/pagination/page.dto.ts": {"path":"/home/dejan/decodex/pronadjimajstora/backend/src/pagination/page.dto.ts","statementMap":{"0":{"start":{"line":1,"column":0},"end":{"line":1,"column":46}},"1":{"start":{"line":2,"column":0},"end":{"line":2,"column":42}},"2":{"start":{"line":3,"column":0},"end":{"line":3,"column":46}},"3":{"start":{"line":14,"column":4},"end":{"line":14,"column":21}},"4":{"start":{"line":15,"column":4},"end":{"line":15,"column":21}},"5":{"start":{"line":8,"column":2},"end":{"line":8,"column":null}},"6":{"start":{"line":11,"column":2},"end":{"line":11,"column":null}},"7":{"start":{"line":10,"column":29},"end":{"line":10,"column":40}},"8":{"start":{"line":5,"column":0},"end":{"line":5,"column":13}}},"fnMap":{"0":{"name":"(anonymous_2)","decl":{"start":{"line":13,"column":2},"end":{"line":13,"column":14}},"loc":{"start":{"line":13,"column":42},"end":{"line":16,"column":3}}},"1":{"name":"(anonymous_3)","decl":{"start":{"line":10,"column":23},"end":{"line":10,"column":26}},"loc":{"start":{"line":10,"column":29},"end":{"line":10,"column":40}}}},"branchMap":{},"s":{"0":2,"1":2,"2":2,"3":2,"4":2,"5":2,"6":2,"7":0,"8":2},"f":{"0":2,"1":0},"b":{}}
,"/home/dejan/decodex/pronadjimajstora/backend/src/permission/permission.controller.ts": {"path":"/home/dejan/decodex/pronadjimajstora/backend/src/permission/permission.controller.ts","statementMap":{"0":{"start":{"line":1,"column":0},"end":{"line":1,"column":null}},"1":{"start":{"line":14,"column":0},"end":{"line":14,"column":57}},"2":{"start":{"line":15,"column":0},"end":{"line":15,"column":51}},"3":{"start":{"line":16,"column":0},"end":{"line":16,"column":null}},"4":{"start":{"line":19,"column":0},"end":{"line":19,"column":55}},"5":{"start":{"line":20,"column":0},"end":{"line":20,"column":null}},"6":{"start":{"line":26,"column":0},"end":{"line":26,"column":64}},"7":{"start":{"line":27,"column":0},"end":{"line":27,"column":49}},"8":{"start":{"line":28,"column":0},"end":{"line":28,"column":57}},"9":{"start":{"line":35,"column":0},"end":{"line":73,"column":null}},"10":{"start":{"line":43,"column":4},"end":{"line":43,"column":77}},"11":{"start":{"line":50,"column":4},"end":{"line":50,"column":57}},"12":{"start":{"line":57,"column":4},"end":{"line":57,"column":59}},"13":{"start":{"line":64,"column":4},"end":{"line":64,"column":66}},"14":{"start":{"line":71,"column":4},"end":{"line":71,"column":66}},"15":{"start":{"line":37,"column":2},"end":{"line":37,"column":null}},"16":{"start":{"line":42,"column":2},"end":{"line":44,"column":null}},"17":{"start":{"line":49,"column":2},"end":{"line":51,"column":null}},"18":{"start":{"line":56,"column":2},"end":{"line":58,"column":null}},"19":{"start":{"line":63,"column":2},"end":{"line":65,"column":null}},"20":{"start":{"line":70,"column":2},"end":{"line":72,"column":null}},"21":{"start":{"line":35,"column":13},"end":{"line":73,"column":null}},"22":{"start":{"line":35,"column":13},"end":{"line":35,"column":33}}},"fnMap":{"0":{"name":"(anonymous_4)","decl":{"start":{"line":42,"column":2},"end":{"line":42,"column":20}},"loc":{"start":{"line":42,"column":60},"end":{"line":44,"column":3}}},"1":{"name":"(anonymous_5)","decl":{"start":{"line":49,"column":2},"end":{"line":49,"column":20}},"loc":{"start":{"line":49,"column":44},"end":{"line":51,"column":3}}},"2":{"name":"(anonymous_6)","decl":{"start":{"line":56,"column":2},"end":{"line":56,"column":18}},"loc":{"start":{"line":56,"column":42},"end":{"line":58,"column":3}}},"3":{"name":"(anonymous_7)","decl":{"start":{"line":63,"column":2},"end":{"line":63,"column":18}},"loc":{"start":{"line":63,"column":55},"end":{"line":65,"column":3}}},"4":{"name":"(anonymous_8)","decl":{"start":{"line":70,"column":2},"end":{"line":70,"column":18}},"loc":{"start":{"line":70,"column":55},"end":{"line":72,"column":3}}}},"branchMap":{},"s":{"0":1,"1":1,"2":1,"3":1,"4":1,"5":1,"6":1,"7":1,"8":1,"9":1,"10":1,"11":1,"12":1,"13":1,"14":1,"15":1,"16":1,"17":1,"18":1,"19":1,"20":1,"21":1,"22":1},"f":{"0":1,"1":1,"2":1,"3":1,"4":1},"b":{}}
,"/home/dejan/decodex/pronadjimajstora/backend/src/permission/permission.dto.ts": {"path":"/home/dejan/decodex/pronadjimajstora/backend/src/permission/permission.dto.ts","statementMap":{"0":{"start":{"line":1,"column":0},"end":{"line":1,"column":55}},"1":{"start":{"line":2,"column":0},"end":{"line":2,"column":64}},"2":{"start":{"line":3,"column":0},"end":{"line":3,"column":49}},"3":{"start":{"line":17,"column":23},"end":{"line":17,"column":39}},"4":{"start":{"line":18,"column":4},"end":{"line":18,"column":28}},"5":{"start":{"line":19,"column":4},"end":{"line":19,"column":36}},"6":{"start":{"line":20,"column":4},"end":{"line":20,"column":40}},"7":{"start":{"line":21,"column":4},"end":{"line":21,"column":22}},"8":{"start":{"line":25,"column":4},"end":{"line":25,"column":28}},"9":{"start":{"line":26,"column":4},"end":{"line":26,"column":36}},"10":{"start":{"line":27,"column":4},"end":{"line":27,"column":40}},"11":{"start":{"line":28,"column":4},"end":{"line":28,"column":46}},"12":{"start":{"line":29,"column":4},"end":{"line":29,"column":46}},"13":{"start":{"line":8,"column":2},"end":{"line":8,"column":null}},"14":{"start":{"line":12,"column":2},"end":{"line":12,"column":null}},"15":{"start":{"line":5,"column":0},"end":{"line":5,"column":13}}},"fnMap":{"0":{"name":"(anonymous_2)","decl":{"start":{"line":16,"column":2},"end":{"line":16,"column":9}},"loc":{"start":{"line":16,"column":9},"end":{"line":22,"column":3}}},"1":{"name":"(anonymous_3)","decl":{"start":{"line":24,"column":2},"end":{"line":24,"column":11}},"loc":{"start":{"line":24,"column":34},"end":{"line":30,"column":3}}}},"branchMap":{},"s":{"0":2,"1":2,"2":2,"3":0,"4":0,"5":0,"6":0,"7":0,"8":0,"9":0,"10":0,"11":0,"12":0,"13":2,"14":2,"15":2},"f":{"0":0,"1":0},"b":{}}
,"/home/dejan/decodex/pronadjimajstora/backend/src/permission/permission.entity.ts": {"path":"/home/dejan/decodex/pronadjimajstora/backend/src/permission/permission.entity.ts","statementMap":{"0":{"start":{"line":1,"column":0},"end":{"line":1,"column":64}},"1":{"start":{"line":2,"column":0},"end":{"line":2,"column":43}},"2":{"start":{"line":3,"column":0},"end":{"line":3,"column":null}},"3":{"start":{"line":15,"column":0},"end":{"line":33,"column":null}},"4":{"start":{"line":17,"column":2},"end":{"line":17,"column":null}},"5":{"start":{"line":20,"column":2},"end":{"line":20,"column":null}},"6":{"start":{"line":23,"column":2},"end":{"line":23,"column":null}},"7":{"start":{"line":26,"column":2},"end":{"line":26,"column":null}},"8":{"start":{"line":25,"column":20},"end":{"line":25,"column":24}},"9":{"start":{"line":25,"column":37},"end":{"line":25,"column":54}},"10":{"start":{"line":29,"column":2},"end":{"line":29,"column":null}},"11":{"start":{"line":32,"column":2},"end":{"line":32,"column":null}},"12":{"start":{"line":15,"column":13},"end":{"line":33,"column":null}},"13":{"start":{"line":15,"column":13},"end":{"line":15,"column":23}}},"fnMap":{"0":{"name":"(anonymous_2)","decl":{"start":{"line":25,"column":14},"end":{"line":25,"column":17}},"loc":{"start":{"line":25,"column":20},"end":{"line":25,"column":24}}},"1":{"name":"(anonymous_3)","decl":{"start":{"line":25,"column":26},"end":{"line":25,"column":27}},"loc":{"start":{"line":25,"column":37},"end":{"line":25,"column":54}}}},"branchMap":{},"s":{"0":5,"1":5,"2":5,"3":5,"4":5,"5":5,"6":5,"7":5,"8":0,"9":0,"10":5,"11":5,"12":5,"13":5},"f":{"0":0,"1":0},"b":{}}
,"/home/dejan/decodex/pronadjimajstora/backend/src/permission/permission.module.ts": {"path":"/home/dejan/decodex/pronadjimajstora/backend/src/permission/permission.module.ts","statementMap":{"0":{"start":{"line":1,"column":0},"end":{"line":1,"column":40}},"1":{"start":{"line":2,"column":0},"end":{"line":2,"column":48}},"2":{"start":{"line":3,"column":0},"end":{"line":3,"column":50}},"3":{"start":{"line":4,"column":0},"end":{"line":4,"column":63}},"4":{"start":{"line":5,"column":0},"end":{"line":5,"column":49}},"5":{"start":{"line":6,"column":0},"end":{"line":6,"column":57}},"6":{"start":{"line":13,"column":0},"end":{"line":13,"column":null}},"7":{"start":{"line":13,"column":13},"end":{"line":13,"column":null}},"8":{"start":{"line":13,"column":13},"end":{"line":13,"column":29}}},"fnMap":{},"branchMap":{},"s":{"0":0,"1":0,"2":0,"3":0,"4":0,"5":0,"6":0,"7":0,"8":0},"f":{},"b":{}}
,"/home/dejan/decodex/pronadjimajstora/backend/src/permission/permission.service.ts": {"path":"/home/dejan/decodex/pronadjimajstora/backend/src/permission/permission.service.ts","statementMap":{"0":{"start":{"line":1,"column":0},"end":{"line":1,"column":63}},"1":{"start":{"line":2,"column":0},"end":{"line":2,"column":51}},"2":{"start":{"line":3,"column":0},"end":{"line":3,"column":58}},"3":{"start":{"line":5,"column":0},"end":{"line":5,"column":49}},"4":{"start":{"line":6,"column":0},"end":{"line":6,"column":37}},"5":{"start":{"line":7,"column":0},"end":{"line":7,"column":49}},"6":{"start":{"line":8,"column":0},"end":{"line":8,"column":49}},"7":{"start":{"line":11,"column":0},"end":{"line":83,"column":null}},"8":{"start":{"line":19,"column":6},"end":{"line":19,"column":65}},"9":{"start":{"line":21,"column":4},"end":{"line":24,"column":33}},"10":{"start":{"line":26,"column":22},"end":{"line":26,"column":51}},"11":{"start":{"line":27,"column":25},"end":{"line":27,"column":63}},"12":{"start":{"line":29,"column":24},"end":{"line":29,"column":70}},"13":{"start":{"line":31,"column":4},"end":{"line":38,"column":6}},"14":{"start":{"line":33,"column":20},"end":{"line":33,"column":39}},"15":{"start":{"line":34,"column":8},"end":{"line":34,"column":34}},"16":{"start":{"line":35,"column":8},"end":{"line":35,"column":19}},"17":{"start":{"line":42,"column":19},"end":{"line":42,"column":62}},"18":{"start":{"line":43,"column":4},"end":{"line":51,"column":null}},"19":{"start":{"line":44,"column":18},"end":{"line":44,"column":37}},"20":{"start":{"line":45,"column":6},"end":{"line":45,"column":28}},"21":{"start":{"line":46,"column":6},"end":{"line":46,"column":17}},"22":{"start":{"line":48,"column":6},"end":{"line":50,"column":8}},"23":{"start":{"line":55,"column":19},"end":{"line":55,"column":62}},"24":{"start":{"line":56,"column":4},"end":{"line":62,"column":null}},"25":{"start":{"line":57,"column":6},"end":{"line":57,"column":50}},"26":{"start":{"line":59,"column":6},"end":{"line":61,"column":8}},"27":{"start":{"line":66,"column":23},"end":{"line":67,"column":null}},"28":{"start":{"line":69,"column":16},"end":{"line":69,"column":35}},"29":{"start":{"line":70,"column":4},"end":{"line":70,"column":30}},"30":{"start":{"line":71,"column":4},"end":{"line":71,"column":15}},"31":{"start":{"line":75,"column":4},"end":{"line":75,"column":66}},"32":{"start":{"line":76,"column":23},"end":{"line":77,"column":null}},"33":{"start":{"line":79,"column":16},"end":{"line":79,"column":35}},"34":{"start":{"line":80,"column":4},"end":{"line":80,"column":30}},"35":{"start":{"line":81,"column":4},"end":{"line":81,"column":15}},"36":{"start":{"line":13,"column":2},"end":{"line":13,"column":null}},"37":{"start":{"line":11,"column":13},"end":{"line":83,"column":null}},"38":{"start":{"line":11,"column":13},"end":{"line":11,"column":30}}},"fnMap":{"0":{"name":"(anonymous_2)","decl":{"start":{"line":15,"column":2},"end":{"line":15,"column":7}},"loc":{"start":{"line":16,"column":34},"end":{"line":39,"column":3}}},"1":{"name":"(anonymous_3)","decl":{"start":{"line":32,"column":19},"end":{"line":32,"column":20}},"loc":{"start":{"line":32,"column":34},"end":{"line":36,"column":7}}},"2":{"name":"(anonymous_4)","decl":{"start":{"line":41,"column":2},"end":{"line":41,"column":7}},"loc":{"start":{"line":41,"column":37},"end":{"line":52,"column":3}}},"3":{"name":"(anonymous_5)","decl":{"start":{"line":54,"column":2},"end":{"line":54,"column":7}},"loc":{"start":{"line":54,"column":39},"end":{"line":63,"column":3}}},"4":{"name":"(anonymous_6)","decl":{"start":{"line":65,"column":2},"end":{"line":65,"column":7}},"loc":{"start":{"line":65,"column":53},"end":{"line":72,"column":3}}},"5":{"name":"(anonymous_7)","decl":{"start":{"line":74,"column":2},"end":{"line":74,"column":7}},"loc":{"start":{"line":74,"column":53},"end":{"line":82,"column":3}}}},"branchMap":{"0":{"loc":{"start":{"line":43,"column":4},"end":{"line":51,"column":null}},"type":"if","locations":[{"start":{"line":43,"column":4},"end":{"line":51,"column":null}},{"start":{"line":47,"column":11},"end":{"line":51,"column":null}}]},"1":{"loc":{"start":{"line":56,"column":4},"end":{"line":62,"column":null}},"type":"if","locations":[{"start":{"line":56,"column":4},"end":{"line":62,"column":null}},{"start":{"line":58,"column":11},"end":{"line":62,"column":null}}]}},"s":{"0":2,"1":2,"2":2,"3":2,"4":2,"5":2,"6":2,"7":2,"8":0,"9":0,"10":0,"11":0,"12":0,"13":0,"14":0,"15":0,"16":0,"17":0,"18":0,"19":0,"20":0,"21":0,"22":0,"23":0,"24":0,"25":0,"26":0,"27":0,"28":0,"29":0,"30":0,"31":0,"32":0,"33":0,"34":0,"35":0,"36":2,"37":2,"38":2},"f":{"0":0,"1":0,"2":0,"3":0,"4":0,"5":0},"b":{"0":[0,0],"1":[0,0]}}
,"/home/dejan/decodex/pronadjimajstora/backend/src/role/asign-role-permissions.dto.ts": {"path":"/home/dejan/decodex/pronadjimajstora/backend/src/role/asign-role-permissions.dto.ts","statementMap":{"0":{"start":{"line":1,"column":0},"end":{"line":1,"column":55}},"1":{"start":{"line":6,"column":2},"end":{"line":6,"column":null}},"2":{"start":{"line":10,"column":2},"end":{"line":10,"column":null}},"3":{"start":{"line":3,"column":0},"end":{"line":3,"column":13}}},"fnMap":{},"branchMap":{},"s":{"0":0,"1":0,"2":0,"3":0},"f":{},"b":{}}
,"/home/dejan/decodex/pronadjimajstora/backend/src/role/asign-role-users.dto.ts": {"path":"/home/dejan/decodex/pronadjimajstora/backend/src/role/asign-role-users.dto.ts","statementMap":{"0":{"start":{"line":1,"column":0},"end":{"line":1,"column":55}},"1":{"start":{"line":6,"column":2},"end":{"line":6,"column":null}},"2":{"start":{"line":10,"column":2},"end":{"line":10,"column":null}},"3":{"start":{"line":3,"column":0},"end":{"line":3,"column":13}}},"fnMap":{},"branchMap":{},"s":{"0":0,"1":0,"2":0,"3":0},"f":{},"b":{}}
,"/home/dejan/decodex/pronadjimajstora/backend/src/role/role.controller.ts": {"path":"/home/dejan/decodex/pronadjimajstora/backend/src/role/role.controller.ts","statementMap":{"0":{"start":{"line":1,"column":0},"end":{"line":1,"column":null}},"1":{"start":{"line":14,"column":0},"end":{"line":14,"column":57}},"2":{"start":{"line":15,"column":0},"end":{"line":15,"column":51}},"3":{"start":{"line":16,"column":0},"end":{"line":16,"column":null}},"4":{"start":{"line":21,"column":0},"end":{"line":21,"column":56}},"5":{"start":{"line":22,"column":0},"end":{"line":22,"column":65}},"6":{"start":{"line":23,"column":0},"end":{"line":23,"column":74}},"7":{"start":{"line":24,"column":0},"end":{"line":24,"column":62}},"8":{"start":{"line":25,"column":0},"end":{"line":25,"column":37}},"9":{"start":{"line":26,"column":0},"end":{"line":26,"column":45}},"10":{"start":{"line":33,"column":0},"end":{"line":109,"column":null}},"11":{"start":{"line":43,"column":4},"end":{"line":43,"column":65}},"12":{"start":{"line":52,"column":4},"end":{"line":52,"column":45}},"13":{"start":{"line":61,"column":4},"end":{"line":61,"column":47}},"14":{"start":{"line":70,"column":4},"end":{"line":70,"column":48}},"15":{"start":{"line":79,"column":4},"end":{"line":79,"column":48}},"16":{"start":{"line":90,"column":4},"end":{"line":93,"column":6}},"17":{"start":{"line":104,"column":4},"end":{"line":107,"column":6}},"18":{"start":{"line":35,"column":2},"end":{"line":35,"column":null}},"19":{"start":{"line":42,"column":2},"end":{"line":44,"column":null}},"20":{"start":{"line":40,"column":4},"end":{"line":40,"column":46}},"21":{"start":{"line":51,"column":2},"end":{"line":53,"column":null}},"22":{"start":{"line":49,"column":4},"end":{"line":49,"column":46}},"23":{"start":{"line":60,"column":2},"end":{"line":62,"column":null}},"24":{"start":{"line":58,"column":4},"end":{"line":58,"column":48}},"25":{"start":{"line":69,"column":2},"end":{"line":71,"column":null}},"26":{"start":{"line":67,"column":4},"end":{"line":67,"column":48}},"27":{"start":{"line":78,"column":2},"end":{"line":80,"column":null}},"28":{"start":{"line":76,"column":4},"end":{"line":76,"column":48}},"29":{"start":{"line":89,"column":2},"end":{"line":94,"column":null}},"30":{"start":{"line":87,"column":4},"end":{"line":87,"column":48}},"31":{"start":{"line":103,"column":2},"end":{"line":108,"column":null}},"32":{"start":{"line":101,"column":4},"end":{"line":101,"column":48}},"33":{"start":{"line":33,"column":13},"end":{"line":109,"column":null}},"34":{"start":{"line":33,"column":13},"end":{"line":33,"column":27}}},"fnMap":{"0":{"name":"(anonymous_4)","decl":{"start":{"line":42,"column":2},"end":{"line":42,"column":14}},"loc":{"start":{"line":42,"column":54},"end":{"line":44,"column":3}}},"1":{"name":"(anonymous_5)","decl":{"start":{"line":51,"column":2},"end":{"line":51,"column":14}},"loc":{"start":{"line":51,"column":38},"end":{"line":53,"column":3}}},"2":{"name":"(anonymous_6)","decl":{"start":{"line":60,"column":2},"end":{"line":60,"column":12}},"loc":{"start":{"line":60,"column":36},"end":{"line":62,"column":3}}},"3":{"name":"(anonymous_7)","decl":{"start":{"line":69,"column":2},"end":{"line":69,"column":12}},"loc":{"start":{"line":69,"column":37},"end":{"line":71,"column":3}}},"4":{"name":"(anonymous_8)","decl":{"start":{"line":78,"column":2},"end":{"line":78,"column":12}},"loc":{"start":{"line":78,"column":37},"end":{"line":80,"column":3}}},"5":{"name":"(anonymous_9)","decl":{"start":{"line":89,"column":2},"end":{"line":89,"column":19}},"loc":{"start":{"line":89,"column":68},"end":{"line":94,"column":3}}},"6":{"name":"(anonymous_10)","decl":{"start":{"line":103,"column":2},"end":{"line":103,"column":13}},"loc":{"start":{"line":103,"column":56},"end":{"line":108,"column":3}}},"7":{"name":"(anonymous_11)","decl":{"start":{"line":39,"column":17},"end":{"line":39,"column":18}},"loc":{"start":{"line":40,"column":4},"end":{"line":40,"column":46}}},"8":{"name":"(anonymous_12)","decl":{"start":{"line":48,"column":17},"end":{"line":48,"column":18}},"loc":{"start":{"line":49,"column":4},"end":{"line":49,"column":46}}},"9":{"name":"(anonymous_13)","decl":{"start":{"line":57,"column":17},"end":{"line":57,"column":18}},"loc":{"start":{"line":58,"column":4},"end":{"line":58,"column":48}}},"10":{"name":"(anonymous_14)","decl":{"start":{"line":66,"column":17},"end":{"line":66,"column":18}},"loc":{"start":{"line":67,"column":4},"end":{"line":67,"column":48}}},"11":{"name":"(anonymous_15)","decl":{"start":{"line":75,"column":17},"end":{"line":75,"column":18}},"loc":{"start":{"line":76,"column":4},"end":{"line":76,"column":48}}},"12":{"name":"(anonymous_16)","decl":{"start":{"line":86,"column":17},"end":{"line":86,"column":18}},"loc":{"start":{"line":87,"column":4},"end":{"line":87,"column":48}}},"13":{"name":"(anonymous_17)","decl":{"start":{"line":100,"column":17},"end":{"line":100,"column":18}},"loc":{"start":{"line":101,"column":4},"end":{"line":101,"column":48}}}},"branchMap":{},"s":{"0":0,"1":0,"2":0,"3":0,"4":0,"5":0,"6":0,"7":0,"8":0,"9":0,"10":0,"11":0,"12":0,"13":0,"14":0,"15":0,"16":0,"17":0,"18":0,"19":0,"20":0,"21":0,"22":0,"23":0,"24":0,"25":0,"26":0,"27":0,"28":0,"29":0,"30":0,"31":0,"32":0,"33":0,"34":0},"f":{"0":0,"1":0,"2":0,"3":0,"4":0,"5":0,"6":0,"7":0,"8":0,"9":0,"10":0,"11":0,"12":0,"13":0},"b":{}}
,"/home/dejan/decodex/pronadjimajstora/backend/src/role/role.dto.ts": {"path":"/home/dejan/decodex/pronadjimajstora/backend/src/role/role.dto.ts","statementMap":{"0":{"start":{"line":1,"column":0},"end":{"line":1,"column":45}},"1":{"start":{"line":2,"column":0},"end":{"line":2,"column":37}},"2":{"start":{"line":12,"column":17},"end":{"line":12,"column":27}},"3":{"start":{"line":13,"column":4},"end":{"line":13,"column":22}},"4":{"start":{"line":14,"column":4},"end":{"line":14,"column":26}},"5":{"start":{"line":15,"column":4},"end":{"line":15,"column":16}},"6":{"start":{"line":19,"column":4},"end":{"line":19,"column":22}},"7":{"start":{"line":20,"column":4},"end":{"line":20,"column":26}},"8":{"start":{"line":21,"column":4},"end":{"line":21,"column":40}},"9":{"start":{"line":22,"column":4},"end":{"line":22,"column":40}},"10":{"start":{"line":7,"column":2},"end":{"line":7,"column":null}},"11":{"start":{"line":4,"column":0},"end":{"line":4,"column":13}}},"fnMap":{"0":{"name":"(anonymous_2)","decl":{"start":{"line":11,"column":2},"end":{"line":11,"column":9}},"loc":{"start":{"line":11,"column":9},"end":{"line":16,"column":3}}},"1":{"name":"(anonymous_3)","decl":{"start":{"line":18,"column":2},"end":{"line":18,"column":11}},"loc":{"start":{"line":18,"column":22},"end":{"line":23,"column":3}}}},"branchMap":{},"s":{"0":0,"1":0,"2":0,"3":0,"4":0,"5":0,"6":0,"7":0,"8":0,"9":0,"10":0,"11":0},"f":{"0":0,"1":0},"b":{}}
,"/home/dejan/decodex/pronadjimajstora/backend/src/role/role.entity.ts": {"path":"/home/dejan/decodex/pronadjimajstora/backend/src/role/role.entity.ts","statementMap":{"0":{"start":{"line":1,"column":0},"end":{"line":1,"column":61}},"1":{"start":{"line":2,"column":0},"end":{"line":2,"column":43}},"2":{"start":{"line":3,"column":0},"end":{"line":3,"column":null}},"3":{"start":{"line":15,"column":0},"end":{"line":38,"column":null}},"4":{"start":{"line":17,"column":2},"end":{"line":17,"column":null}},"5":{"start":{"line":21,"column":2},"end":{"line":21,"column":null}},"6":{"start":{"line":28,"column":2},"end":{"line":28,"column":null}},"7":{"start":{"line":23,"column":20},"end":{"line":23,"column":30}},"8":{"start":{"line":23,"column":49},"end":{"line":23,"column":66}},"9":{"start":{"line":31,"column":2},"end":{"line":31,"column":null}},"10":{"start":{"line":30,"column":20},"end":{"line":30,"column":24}},"11":{"start":{"line":30,"column":37},"end":{"line":30,"column":48}},"12":{"start":{"line":34,"column":2},"end":{"line":34,"column":null}},"13":{"start":{"line":37,"column":2},"end":{"line":37,"column":null}},"14":{"start":{"line":15,"column":13},"end":{"line":38,"column":null}},"15":{"start":{"line":15,"column":13},"end":{"line":15,"column":17}}},"fnMap":{"0":{"name":"(anonymous_2)","decl":{"start":{"line":23,"column":14},"end":{"line":23,"column":17}},"loc":{"start":{"line":23,"column":20},"end":{"line":23,"column":30}}},"1":{"name":"(anonymous_3)","decl":{"start":{"line":23,"column":32},"end":{"line":23,"column":33}},"loc":{"start":{"line":23,"column":49},"end":{"line":23,"column":66}}},"2":{"name":"(anonymous_4)","decl":{"start":{"line":30,"column":14},"end":{"line":30,"column":17}},"loc":{"start":{"line":30,"column":20},"end":{"line":30,"column":24}}},"3":{"name":"(anonymous_5)","decl":{"start":{"line":30,"column":26},"end":{"line":30,"column":27}},"loc":{"start":{"line":30,"column":37},"end":{"line":30,"column":48}}}},"branchMap":{},"s":{"0":5,"1":5,"2":5,"3":5,"4":5,"5":5,"6":5,"7":0,"8":0,"9":5,"10":0,"11":0,"12":5,"13":5,"14":5,"15":5},"f":{"0":0,"1":0,"2":0,"3":0},"b":{}}
,"/home/dejan/decodex/pronadjimajstora/backend/src/role/role.module.ts": {"path":"/home/dejan/decodex/pronadjimajstora/backend/src/role/role.module.ts","statementMap":{"0":{"start":{"line":1,"column":0},"end":{"line":1,"column":40}},"1":{"start":{"line":2,"column":0},"end":{"line":2,"column":48}},"2":{"start":{"line":3,"column":0},"end":{"line":3,"column":50}},"3":{"start":{"line":4,"column":0},"end":{"line":4,"column":62}},"4":{"start":{"line":5,"column":0},"end":{"line":5,"column":44}},"5":{"start":{"line":6,"column":0},"end":{"line":6,"column":51}},"6":{"start":{"line":7,"column":0},"end":{"line":7,"column":37}},"7":{"start":{"line":8,"column":0},"end":{"line":8,"column":45}},"8":{"start":{"line":15,"column":0},"end":{"line":15,"column":null}},"9":{"start":{"line":15,"column":13},"end":{"line":15,"column":null}},"10":{"start":{"line":15,"column":13},"end":{"line":15,"column":23}}},"fnMap":{},"branchMap":{},"s":{"0":0,"1":0,"2":0,"3":0,"4":0,"5":0,"6":0,"7":0,"8":0,"9":0,"10":0},"f":{},"b":{}}
,"/home/dejan/decodex/pronadjimajstora/backend/src/role/role.service.ts": {"path":"/home/dejan/decodex/pronadjimajstora/backend/src/role/role.service.ts","statementMap":{"0":{"start":{"line":1,"column":0},"end":{"line":1,"column":63}},"1":{"start":{"line":2,"column":0},"end":{"line":2,"column":51}},"2":{"start":{"line":3,"column":0},"end":{"line":3,"column":59}},"3":{"start":{"line":5,"column":0},"end":{"line":5,"column":50}},"4":{"start":{"line":6,"column":0},"end":{"line":6,"column":62}},"5":{"start":{"line":7,"column":0},"end":{"line":7,"column":44}},"6":{"start":{"line":8,"column":0},"end":{"line":8,"column":37}},"7":{"start":{"line":9,"column":0},"end":{"line":9,"column":37}},"8":{"start":{"line":10,"column":0},"end":{"line":10,"column":37}},"9":{"start":{"line":13,"column":0},"end":{"line":112,"column":null}},"10":{"start":{"line":26,"column":25},"end":{"line":26,"column":72}},"11":{"start":{"line":28,"column":4},"end":{"line":31,"column":33}},"12":{"start":{"line":33,"column":22},"end":{"line":33,"column":51}},"13":{"start":{"line":34,"column":25},"end":{"line":34,"column":63}},"14":{"start":{"line":36,"column":24},"end":{"line":36,"column":70}},"15":{"start":{"line":38,"column":4},"end":{"line":45,"column":6}},"16":{"start":{"line":40,"column":20},"end":{"line":40,"column":33}},"17":{"start":{"line":41,"column":8},"end":{"line":41,"column":28}},"18":{"start":{"line":42,"column":8},"end":{"line":42,"column":19}},"19":{"start":{"line":49,"column":19},"end":{"line":49,"column":56}},"20":{"start":{"line":50,"column":4},"end":{"line":58,"column":null}},"21":{"start":{"line":51,"column":18},"end":{"line":51,"column":31}},"22":{"start":{"line":52,"column":6},"end":{"line":52,"column":28}},"23":{"start":{"line":53,"column":6},"end":{"line":53,"column":17}},"24":{"start":{"line":55,"column":6},"end":{"line":57,"column":8}},"25":{"start":{"line":62,"column":19},"end":{"line":62,"column":56}},"26":{"start":{"line":63,"column":4},"end":{"line":69,"column":null}},"27":{"start":{"line":64,"column":6},"end":{"line":64,"column":44}},"28":{"start":{"line":66,"column":6},"end":{"line":68,"column":8}},"29":{"start":{"line":73,"column":17},"end":{"line":73,"column":66}},"30":{"start":{"line":74,"column":16},"end":{"line":74,"column":29}},"31":{"start":{"line":75,"column":4},"end":{"line":75,"column":24}},"32":{"start":{"line":76,"column":4},"end":{"line":76,"column":15}},"33":{"start":{"line":80,"column":4},"end":{"line":80,"column":54}},"34":{"start":{"line":81,"column":17},"end":{"line":81,"column":62}},"35":{"start":{"line":82,"column":16},"end":{"line":82,"column":29}},"36":{"start":{"line":83,"column":4},"end":{"line":83,"column":24}},"37":{"start":{"line":84,"column":4},"end":{"line":84,"column":15}},"38":{"start":{"line":88,"column":15},"end":{"line":88,"column":56}},"39":{"start":{"line":89,"column":24},"end":{"line":90,"column":null}},"40":{"start":{"line":93,"column":4},"end":{"line":93,"column":35}},"41":{"start":{"line":94,"column":4},"end":{"line":94,"column":41}},"42":{"start":{"line":95,"column":4},"end":{"line":95,"column":54}},"43":{"start":{"line":96,"column":16},"end":{"line":96,"column":29}},"44":{"start":{"line":97,"column":4},"end":{"line":97,"column":24}},"45":{"start":{"line":98,"column":4},"end":{"line":98,"column":15}},"46":{"start":{"line":102,"column":15},"end":{"line":102,"column":56}},"47":{"start":{"line":103,"column":18},"end":{"line":103,"column":62}},"48":{"start":{"line":105,"column":4},"end":{"line":105,"column":23}},"49":{"start":{"line":106,"column":4},"end":{"line":106,"column":41}},"50":{"start":{"line":107,"column":4},"end":{"line":107,"column":54}},"51":{"start":{"line":108,"column":16},"end":{"line":108,"column":29}},"52":{"start":{"line":109,"column":4},"end":{"line":109,"column":24}},"53":{"start":{"line":110,"column":4},"end":{"line":110,"column":15}},"54":{"start":{"line":15,"column":2},"end":{"line":15,"column":null}},"55":{"start":{"line":18,"column":2},"end":{"line":18,"column":null}},"56":{"start":{"line":21,"column":2},"end":{"line":21,"column":null}},"57":{"start":{"line":13,"column":13},"end":{"line":112,"column":null}},"58":{"start":{"line":13,"column":13},"end":{"line":13,"column":24}}},"fnMap":{"0":{"name":"(anonymous_2)","decl":{"start":{"line":23,"column":2},"end":{"line":23,"column":7}},"loc":{"start":{"line":24,"column":34},"end":{"line":46,"column":3}}},"1":{"name":"(anonymous_3)","decl":{"start":{"line":39,"column":19},"end":{"line":39,"column":20}},"loc":{"start":{"line":39,"column":28},"end":{"line":43,"column":7}}},"2":{"name":"(anonymous_4)","decl":{"start":{"line":48,"column":2},"end":{"line":48,"column":7}},"loc":{"start":{"line":48,"column":31},"end":{"line":59,"column":3}}},"3":{"name":"(anonymous_5)","decl":{"start":{"line":61,"column":2},"end":{"line":61,"column":7}},"loc":{"start":{"line":61,"column":33},"end":{"line":70,"column":3}}},"4":{"name":"(anonymous_6)","decl":{"start":{"line":72,"column":2},"end":{"line":72,"column":7}},"loc":{"start":{"line":72,"column":35},"end":{"line":77,"column":3}}},"5":{"name":"(anonymous_7)","decl":{"start":{"line":79,"column":2},"end":{"line":79,"column":7}},"loc":{"start":{"line":79,"column":35},"end":{"line":85,"column":3}}},"6":{"name":"(anonymous_8)","decl":{"start":{"line":87,"column":2},"end":{"line":87,"column":7}},"loc":{"start":{"line":87,"column":65},"end":{"line":99,"column":3}}},"7":{"name":"(anonymous_9)","decl":{"start":{"line":101,"column":2},"end":{"line":101,"column":7}},"loc":{"start":{"line":101,"column":53},"end":{"line":111,"column":3}}}},"branchMap":{"0":{"loc":{"start":{"line":50,"column":4},"end":{"line":58,"column":null}},"type":"if","locations":[{"start":{"line":50,"column":4},"end":{"line":58,"column":null}},{"start":{"line":54,"column":11},"end":{"line":58,"column":null}}]},"1":{"loc":{"start":{"line":63,"column":4},"end":{"line":69,"column":null}},"type":"if","locations":[{"start":{"line":63,"column":4},"end":{"line":69,"column":null}},{"start":{"line":65,"column":11},"end":{"line":69,"column":null}}]}},"s":{"0":0,"1":0,"2":0,"3":0,"4":0,"5":0,"6":0,"7":0,"8":0,"9":0,"10":0,"11":0,"12":0,"13":0,"14":0,"15":0,"16":0,"17":0,"18":0,"19":0,"20":0,"21":0,"22":0,"23":0,"24":0,"25":0,"26":0,"27":0,"28":0,"29":0,"30":0,"31":0,"32":0,"33":0,"34":0,"35":0,"36":0,"37":0,"38":0,"39":0,"40":0,"41":0,"42":0,"43":0,"44":0,"45":0,"46":0,"47":0,"48":0,"49":0,"50":0,"51":0,"52":0,"53":0,"54":0,"55":0,"56":0,"57":0,"58":0},"f":{"0":0,"1":0,"2":0,"3":0,"4":0,"5":0,"6":0,"7":0},"b":{"0":[0,0],"1":[0,0]}}
,"/home/dejan/decodex/pronadjimajstora/backend/src/user/create-user.dto.ts": {"path":"/home/dejan/decodex/pronadjimajstora/backend/src/user/create-user.dto.ts","statementMap":{"0":{"start":{"line":1,"column":0},"end":{"line":1,"column":74}},"1":{"start":{"line":5,"column":2},"end":{"line":5,"column":null}},"2":{"start":{"line":8,"column":2},"end":{"line":8,"column":null}},"3":{"start":{"line":11,"column":2},"end":{"line":11,"column":null}},"4":{"start":{"line":14,"column":2},"end":{"line":14,"column":null}},"5":{"start":{"line":17,"column":2},"end":{"line":17,"column":null}},"6":{"start":{"line":21,"column":2},"end":{"line":21,"column":null}},"7":{"start":{"line":20,"column":34},"end":{"line":20,"column":48}},"8":{"start":{"line":3,"column":0},"end":{"line":3,"column":13}}},"fnMap":{"0":{"name":"(anonymous_2)","decl":{"start":{"line":20,"column":14},"end":{"line":20,"column":15}},"loc":{"start":{"line":20,"column":34},"end":{"line":20,"column":48}}}},"branchMap":{},"s":{"0":0,"1":0,"2":0,"3":0,"4":0,"5":0,"6":0,"7":0,"8":0},"f":{"0":0},"b":{}}
,"/home/dejan/decodex/pronadjimajstora/backend/src/user/user.entity.ts": {"path":"/home/dejan/decodex/pronadjimajstora/backend/src/user/user.entity.ts","statementMap":{"0":{"start":{"line":1,"column":0},"end":{"line":1,"column":52}},"1":{"start":{"line":2,"column":0},"end":{"line":2,"column":43}},"2":{"start":{"line":3,"column":0},"end":{"line":3,"column":null}},"3":{"start":{"line":16,"column":0},"end":{"line":64,"column":null}},"4":{"start":{"line":18,"column":2},"end":{"line":18,"column":null}},"5":{"start":{"line":21,"column":2},"end":{"line":21,"column":null}},"6":{"start":{"line":24,"column":2},"end":{"line":24,"column":null}},"7":{"start":{"line":28,"column":2},"end":{"line":28,"column":null}},"8":{"start":{"line":32,"column":2},"end":{"line":32,"column":null}},"9":{"start":{"line":35,"column":2},"end":{"line":35,"column":null}},"10":{"start":{"line":38,"column":2},"end":{"line":38,"column":null}},"11":{"start":{"line":41,"column":2},"end":{"line":41,"column":null}},"12":{"start":{"line":44,"column":2},"end":{"line":44,"column":null}},"13":{"start":{"line":50,"column":2},"end":{"line":50,"column":null}},"14":{"start":{"line":46,"column":19},"end":{"line":46,"column":26}},"15":{"start":{"line":46,"column":41},"end":{"line":46,"column":53}},"16":{"start":{"line":53,"column":2},"end":{"line":53,"column":null}},"17":{"start":{"line":56,"column":2},"end":{"line":56,"column":null}},"18":{"start":{"line":63,"column":2},"end":{"line":63,"column":null}},"19":{"start":{"line":58,"column":20},"end":{"line":58,"column":24}},"20":{"start":{"line":58,"column":37},"end":{"line":58,"column":48}},"21":{"start":{"line":16,"column":13},"end":{"line":64,"column":null}},"22":{"start":{"line":16,"column":13},"end":{"line":16,"column":17}}},"fnMap":{"0":{"name":"(anonymous_2)","decl":{"start":{"line":46,"column":13},"end":{"line":46,"column":16}},"loc":{"start":{"line":46,"column":19},"end":{"line":46,"column":26}}},"1":{"name":"(anonymous_3)","decl":{"start":{"line":46,"column":28},"end":{"line":46,"column":29}},"loc":{"start":{"line":46,"column":41},"end":{"line":46,"column":53}}},"2":{"name":"(anonymous_4)","decl":{"start":{"line":58,"column":14},"end":{"line":58,"column":17}},"loc":{"start":{"line":58,"column":20},"end":{"line":58,"column":24}}},"3":{"name":"(anonymous_5)","decl":{"start":{"line":58,"column":26},"end":{"line":58,"column":27}},"loc":{"start":{"line":58,"column":37},"end":{"line":58,"column":48}}}},"branchMap":{},"s":{"0":5,"1":5,"2":5,"3":5,"4":5,"5":5,"6":5,"7":5,"8":5,"9":5,"10":5,"11":5,"12":5,"13":5,"14":0,"15":0,"16":5,"17":5,"18":5,"19":0,"20":0,"21":5,"22":5},"f":{"0":0,"1":0,"2":0,"3":0},"b":{}}
,"/home/dejan/decodex/pronadjimajstora/backend/src/user/user.module.ts": {"path":"/home/dejan/decodex/pronadjimajstora/backend/src/user/user.module.ts","statementMap":{"0":{"start":{"line":1,"column":0},"end":{"line":1,"column":40}},"1":{"start":{"line":2,"column":0},"end":{"line":2,"column":48}},"2":{"start":{"line":3,"column":0},"end":{"line":3,"column":52}},"3":{"start":{"line":4,"column":0},"end":{"line":4,"column":61}},"4":{"start":{"line":5,"column":0},"end":{"line":5,"column":43}},"5":{"start":{"line":6,"column":0},"end":{"line":6,"column":37}},"6":{"start":{"line":7,"column":0},"end":{"line":7,"column":45}},"7":{"start":{"line":14,"column":0},"end":{"line":14,"column":null}},"8":{"start":{"line":14,"column":13},"end":{"line":14,"column":null}},"9":{"start":{"line":14,"column":13},"end":{"line":14,"column":23}}},"fnMap":{},"branchMap":{},"s":{"0":1,"1":1,"2":1,"3":1,"4":1,"5":1,"6":1,"7":1,"8":1,"9":1},"f":{},"b":{}}
,"/home/dejan/decodex/pronadjimajstora/backend/src/user/user.service.ts": {"path":"/home/dejan/decodex/pronadjimajstora/backend/src/user/user.service.ts","statementMap":{"0":{"start":{"line":1,"column":0},"end":{"line":1,"column":44}},"1":{"start":{"line":2,"column":0},"end":{"line":2,"column":51}},"2":{"start":{"line":3,"column":0},"end":{"line":3,"column":37}},"3":{"start":{"line":4,"column":0},"end":{"line":4,"column":37}},"4":{"start":{"line":7,"column":0},"end":{"line":19,"column":null}},"5":{"start":{"line":14,"column":19},"end":{"line":16,"column":6}},"6":{"start":{"line":17,"column":4},"end":{"line":17,"column":18}},"7":{"start":{"line":9,"column":2},"end":{"line":9,"column":null}},"8":{"start":{"line":7,"column":13},"end":{"line":19,"column":null}},"9":{"start":{"line":7,"column":13},"end":{"line":7,"column":24}}},"fnMap":{"0":{"name":"(anonymous_2)","decl":{"start":{"line":11,"column":2},"end":{"line":11,"column":7}},"loc":{"start":{"line":12,"column":27},"end":{"line":18,"column":3}}}},"branchMap":{},"s":{"0":4,"1":4,"2":4,"3":4,"4":4,"5":0,"6":0,"7":4,"8":4,"9":4},"f":{"0":0},"b":{}}
,"/home/dejan/decodex/pronadjimajstora/backend/src/util/bcrypt.ts": {"path":"/home/dejan/decodex/pronadjimajstora/backend/src/util/bcrypt.ts","statementMap":{"0":{"start":{"line":1,"column":0},"end":{"line":1,"column":33}},"1":{"start":{"line":9,"column":15},"end":{"line":9,"column":35}},"2":{"start":{"line":10,"column":2},"end":{"line":10,"column":44}},"3":{"start":{"line":8,"column":0},"end":{"line":8,"column":16}},"4":{"start":{"line":20,"column":2},"end":{"line":20,"column":47}},"5":{"start":{"line":19,"column":0},"end":{"line":19,"column":16}}},"fnMap":{"0":{"name":"encodePassword","decl":{"start":{"line":8,"column":16},"end":{"line":8,"column":30}},"loc":{"start":{"line":8,"column":50},"end":{"line":11,"column":1}}},"1":{"name":"comparePasswords","decl":{"start":{"line":19,"column":16},"end":{"line":19,"column":32}},"loc":{"start":{"line":19,"column":66},"end":{"line":21,"column":1}}}},"branchMap":{},"s":{"0":3,"1":0,"2":0,"3":3,"4":0,"5":3},"f":{"0":0,"1":0},"b":{}}
}
